  正在验证源
  正在将源远程复制到“10.4.39.38”
  正在验证体系结构
  正在验证体系结构
  正在启动远程生成
  正在编译源:
  Buffer.c
C:\Users\liuw-t\Desktop\HttpReactor\HttpReactor\Buffer.c(12,31): warning : conversion to ‘size_t {aka unsigned int}’ from ‘int’ may change the sign of the result [-Wsign-conversion]
C:\Users\liuw-t\Desktop\HttpReactor\HttpReactor\Buffer.c(12,31): warning :   buffer->data = (char*)malloc(size);
C:\Users\liuw-t\Desktop\HttpReactor\HttpReactor\Buffer.c(12,31): warning :                                ^
C:\Users\liuw-t\Desktop\HttpReactor\HttpReactor\Buffer.c(39,48): warning : conversion to ‘size_t {aka unsigned int}’ from ‘int’ may change the sign of the result [-Wsign-conversion]
C:\Users\liuw-t\Desktop\HttpReactor\HttpReactor\Buffer.c(39,48): warning :   memcpy(buffer->data + buffer->writePos, data, size);
C:\Users\liuw-t\Desktop\HttpReactor\HttpReactor\Buffer.c(39,48): warning :                                                 ^
C:\Users\liuw-t\Desktop\HttpReactor\HttpReactor\Buffer.c(32,6): warning : unused variable ‘readable’ [-Wunused-variable]
C:\Users\liuw-t\Desktop\HttpReactor\HttpReactor\Buffer.c(32,6): warning :   int readable = bufferReadableSize(buffer);
C:\Users\liuw-t\Desktop\HttpReactor\HttpReactor\Buffer.c(32,6): warning :       ^
C:\Users\liuw-t\Desktop\HttpReactor\HttpReactor\Buffer.c(31,6): warning : unused variable ‘writable’ [-Wunused-variable]
C:\Users\liuw-t\Desktop\HttpReactor\HttpReactor\Buffer.c(31,6): warning :   int writable = bufferWritableSize(buffer);
C:\Users\liuw-t\Desktop\HttpReactor\HttpReactor\Buffer.c(31,6): warning :       ^
C:\Users\liuw-t\Desktop\HttpReactor\HttpReactor\Buffer.c(47,13): warning : conversion to ‘int’ from ‘size_t {aka unsigned int}’ may change the sign of the result [-Wsign-conversion]
C:\Users\liuw-t\Desktop\HttpReactor\HttpReactor\Buffer.c(47,13): warning :   int size = strlen(data);
C:\Users\liuw-t\Desktop\HttpReactor\HttpReactor\Buffer.c(47,13): warning :              ^
C:\Users\liuw-t\Desktop\HttpReactor\HttpReactor\Buffer.c(57,19): warning : conversion to ‘size_t {aka unsigned int}’ from ‘int’ may change the sign of the result [-Wsign-conversion]
C:\Users\liuw-t\Desktop\HttpReactor\HttpReactor\Buffer.c(57,19): warning :   iov[0].iov_len = writable;
C:\Users\liuw-t\Desktop\HttpReactor\HttpReactor\Buffer.c(57,19): warning :                    ^
C:\Users\liuw-t\Desktop\HttpReactor\HttpReactor\Buffer.c(87,15): warning : implicit declaration of function ‘memmem’ [-Wimplicit-function-declaration]
C:\Users\liuw-t\Desktop\HttpReactor\HttpReactor\Buffer.c(87,15): warning :   char * ptr = memmem(data, strlen(data), "\r\n", 2);
C:\Users\liuw-t\Desktop\HttpReactor\HttpReactor\Buffer.c(87,15): warning :                ^
C:\Users\liuw-t\Desktop\HttpReactor\HttpReactor\Buffer.c(87,15): warning : initialization makes pointer from integer without a cast [-Wint-conversion]
C:\Users\liuw-t\Desktop\HttpReactor\HttpReactor\Buffer.c(96,15): warning : implicit declaration of function ‘send’ [-Wimplicit-function-declaration]
C:\Users\liuw-t\Desktop\HttpReactor\HttpReactor\Buffer.c(96,15): warning :    int count = send(fd, buffer->data + buffer->readPos, readable, 0);
C:\Users\liuw-t\Desktop\HttpReactor\HttpReactor\Buffer.c(96,15): warning :                ^
C:\Users\liuw-t\Desktop\HttpReactor\HttpReactor\Buffer.c(102,10): warning : ‘return’ with a value, in function returning void
C:\Users\liuw-t\Desktop\HttpReactor\HttpReactor\Buffer.c(102,10): warning :    return count;
C:\Users\liuw-t\Desktop\HttpReactor\HttpReactor\Buffer.c(102,10): warning :           ^
C:\Users\liuw-t\Desktop\HttpReactor\HttpReactor\Buffer.c(104,9): warning : ‘return’ with a value, in function returning void
C:\Users\liuw-t\Desktop\HttpReactor\HttpReactor\Buffer.c(104,9): warning :   return 0;
C:\Users\liuw-t\Desktop\HttpReactor\HttpReactor\Buffer.c(104,9): warning :          ^
C:\Users\liuw-t\Desktop\HttpReactor\HttpReactor\Buffer.c(120,57): warning : conversion to ‘size_t {aka unsigned int}’ from ‘int’ may change the sign of the result [-Wsign-conversion]
C:\Users\liuw-t\Desktop\HttpReactor\HttpReactor\Buffer.c(120,57): warning :    strncpy(buffer->data, buffer->data + buffer->readPos, readable);
C:\Users\liuw-t\Desktop\HttpReactor\HttpReactor\Buffer.c(120,57): warning :                                                          ^
C:\Users\liuw-t\Desktop\HttpReactor\HttpReactor\Buffer.c(130,48): warning : conversion to ‘size_t {aka unsigned int}’ from ‘int’ may change the sign of the result [-Wsign-conversion]
C:\Users\liuw-t\Desktop\HttpReactor\HttpReactor\Buffer.c(130,48): warning :    char* tmpbuf = (char *)realloc(buffer->data, buffer->capacity);
C:\Users\liuw-t\Desktop\HttpReactor\HttpReactor\Buffer.c(130,48): warning :                                                 ^
C:\Users\liuw-t\Desktop\HttpReactor\HttpReactor\Buffer.c(136,33): warning : conversion to ‘size_t {aka unsigned int}’ from ‘int’ may change the sign of the result [-Wsign-conversion]
C:\Users\liuw-t\Desktop\HttpReactor\HttpReactor\Buffer.c(136,33): warning :    strncpy(tmpbuf, buffer->data, buffer->writePos);
C:\Users\liuw-t\Desktop\HttpReactor\HttpReactor\Buffer.c(136,33): warning :                                  ^
  Channel.c
  ChannelMap.c
C:\Users\liuw-t\Desktop\HttpReactor\HttpReactor\ChannelMap.c(11,46): warning : conversion to ‘size_t {aka unsigned int}’ from ‘int’ may change the sign of the result [-Wsign-conversion]
C:\Users\liuw-t\Desktop\HttpReactor\HttpReactor\ChannelMap.c(11,46): warning :   channelMap->list = (struct Channel**)calloc(size, sizeof(struct Channel*));
C:\Users\liuw-t\Desktop\HttpReactor\HttpReactor\ChannelMap.c(11,46): warning :                                               ^
C:\Users\liuw-t\Desktop\HttpReactor\HttpReactor\ChannelMap.c(22,72): warning : conversion to ‘size_t {aka unsigned int}’ from ‘int’ may change the sign of the result [-Wsign-conversion]
C:\Users\liuw-t\Desktop\HttpReactor\HttpReactor\ChannelMap.c(22,72): warning :   struct Channel** tmpMap = (struct Channel**)realloc(channelMap->list, channelMap->size + fd);
C:\Users\liuw-t\Desktop\HttpReactor\HttpReactor\ChannelMap.c(22,72): warning :                                                                         ^
C:\Users\liuw-t\Desktop\HttpReactor\HttpReactor\ChannelMap.c(29,35): warning : conversion to ‘size_t {aka unsigned int}’ from ‘int’ may change the sign of the result [-Wsign-conversion]
C:\Users\liuw-t\Desktop\HttpReactor\HttpReactor\ChannelMap.c(29,35): warning :   memcpy(tmpMap, channelMap->list, channelMap->size);
C:\Users\liuw-t\Desktop\HttpReactor\HttpReactor\ChannelMap.c(29,35): warning :                                    ^
  EpollDispatcher.c
  EventLoop.c
  HttpRequest.c
C:\Users\liuw-t\Desktop\HttpReactor\HttpReactor\HttpRequest.c(52,15): warning : implicit declaration of function ‘memmem’ [-Wimplicit-function-declaration]
C:\Users\liuw-t\Desktop\HttpReactor\HttpReactor\HttpRequest.c(52,15): warning :   char * ptr = memmem(start, end - start, " ", 1);
C:\Users\liuw-t\Desktop\HttpReactor\HttpReactor\HttpRequest.c(52,15): warning :                ^
C:\Users\liuw-t\Desktop\HttpReactor\HttpReactor\HttpRequest.c(52,15): warning : initialization makes pointer from integer without a cast [-Wint-conversion]
C:\Users\liuw-t\Desktop\HttpReactor\HttpReactor\HttpRequest.c(54,35): warning : conversion to ‘size_t {aka unsigned int}’ from ‘int’ may change the sign of the result [-Wsign-conversion]
C:\Users\liuw-t\Desktop\HttpReactor\HttpReactor\HttpRequest.c(54,35): warning :   request->method = (char *)malloc(len + 1);
C:\Users\liuw-t\Desktop\HttpReactor\HttpReactor\HttpRequest.c(54,35): warning :                                    ^
C:\Users\liuw-t\Desktop\HttpReactor\HttpReactor\HttpRequest.c(55,34): warning : conversion to ‘size_t {aka unsigned int}’ from ‘int’ may change the sign of the result [-Wsign-conversion]
C:\Users\liuw-t\Desktop\HttpReactor\HttpReactor\HttpRequest.c(55,34): warning :   strncpy(request->method, start, len);
C:\Users\liuw-t\Desktop\HttpReactor\HttpReactor\HttpRequest.c(55,34): warning :                                   ^
C:\Users\liuw-t\Desktop\HttpReactor\HttpReactor\HttpRequest.c(59,6): warning : assignment makes pointer from integer without a cast [-Wint-conversion]
C:\Users\liuw-t\Desktop\HttpReactor\HttpReactor\HttpRequest.c(59,6): warning :   ptr = memmem(start, end - start, " ", 1);
C:\Users\liuw-t\Desktop\HttpReactor\HttpReactor\HttpRequest.c(59,6): warning :       ^
C:\Users\liuw-t\Desktop\HttpReactor\HttpReactor\HttpRequest.c(61,31): warning : conversion to ‘size_t {aka unsigned int}’ from ‘int’ may change the sign of the result [-Wsign-conversion]
C:\Users\liuw-t\Desktop\HttpReactor\HttpReactor\HttpRequest.c(61,31): warning :   request->url = (char*)malloc(len + 1);
C:\Users\liuw-t\Desktop\HttpReactor\HttpReactor\HttpRequest.c(61,31): warning :                                ^
C:\Users\liuw-t\Desktop\HttpReactor\HttpReactor\HttpRequest.c(62,31): warning : conversion to ‘size_t {aka unsigned int}’ from ‘int’ may change the sign of the result [-Wsign-conversion]
C:\Users\liuw-t\Desktop\HttpReactor\HttpReactor\HttpRequest.c(62,31): warning :   strncpy(request->url, start, len);
C:\Users\liuw-t\Desktop\HttpReactor\HttpReactor\HttpRequest.c(62,31): warning :                                ^
C:\Users\liuw-t\Desktop\HttpReactor\HttpReactor\HttpRequest.c(67,35): warning : conversion to ‘size_t {aka unsigned int}’ from ‘int’ may change the sign of the result [-Wsign-conversion]
C:\Users\liuw-t\Desktop\HttpReactor\HttpReactor\HttpRequest.c(67,35): warning :   request->version = (char*)malloc(len + 1);
C:\Users\liuw-t\Desktop\HttpReactor\HttpReactor\HttpRequest.c(67,35): warning :                                    ^
C:\Users\liuw-t\Desktop\HttpReactor\HttpReactor\HttpRequest.c(68,35): warning : conversion to ‘size_t {aka unsigned int}’ from ‘int’ may change the sign of the result [-Wsign-conversion]
C:\Users\liuw-t\Desktop\HttpReactor\HttpReactor\HttpRequest.c(68,35): warning :   strncpy(request->version, start, len);
C:\Users\liuw-t\Desktop\HttpReactor\HttpReactor\HttpRequest.c(68,35): warning :                                    ^
C:\Users\liuw-t\Desktop\HttpReactor\HttpReactor\HttpRequest.c(84,18): warning : initialization makes pointer from integer without a cast [-Wint-conversion]
C:\Users\liuw-t\Desktop\HttpReactor\HttpReactor\HttpRequest.c(87,30): warning : conversion to ‘size_t {aka unsigned int}’ from ‘int’ may change the sign of the result [-Wsign-conversion]
C:\Users\liuw-t\Desktop\HttpReactor\HttpReactor\HttpRequest.c(87,30): warning :     char* key = (char*)malloc(middle - start + 1);
C:\Users\liuw-t\Desktop\HttpReactor\HttpReactor\HttpRequest.c(87,30): warning :                               ^
C:\Users\liuw-t\Desktop\HttpReactor\HttpReactor\HttpRequest.c(88,24): warning : conversion to ‘size_t {aka unsigned int}’ from ‘int’ may change the sign of the result [-Wsign-conversion]
C:\Users\liuw-t\Desktop\HttpReactor\HttpReactor\HttpRequest.c(88,24): warning :     strncpy(key, start, middle - start);
C:\Users\liuw-t\Desktop\HttpReactor\HttpReactor\HttpRequest.c(88,24): warning :                         ^
C:\Users\liuw-t\Desktop\HttpReactor\HttpReactor\HttpRequest.c(91,32): warning : conversion to ‘size_t {aka unsigned int}’ from ‘int’ may change the sign of the result [-Wsign-conversion]
C:\Users\liuw-t\Desktop\HttpReactor\HttpReactor\HttpRequest.c(91,32): warning :     char* value = (char*)malloc(end - start + 1);
C:\Users\liuw-t\Desktop\HttpReactor\HttpReactor\HttpRequest.c(91,32): warning :                                 ^
C:\Users\liuw-t\Desktop\HttpReactor\HttpReactor\HttpRequest.c(92,26): warning : conversion to ‘size_t {aka unsigned int}’ from ‘int’ may change the sign of the result [-Wsign-conversion]
C:\Users\liuw-t\Desktop\HttpReactor\HttpReactor\HttpRequest.c(92,26): warning :     strncpy(value, start, end - start);
C:\Users\liuw-t\Desktop\HttpReactor\HttpReactor\HttpRequest.c(92,26): warning :                           ^
C:\Users\liuw-t\Desktop\HttpReactor\HttpReactor\HttpRequest.c(115,3): warning : enumeration value ‘HttpReqBody’ not handled in switch [-Wswitch]
C:\Users\liuw-t\Desktop\HttpReactor\HttpReactor\HttpRequest.c(115,3): warning :    switch (request->curStatus)
C:\Users\liuw-t\Desktop\HttpReactor\HttpReactor\HttpRequest.c(115,3): warning :    ^
C:\Users\liuw-t\Desktop\HttpReactor\HttpReactor\HttpRequest.c(115,3): warning : enumeration value ‘HttpReqDone’ not handled in switch [-Wswitch]
C:\Users\liuw-t\Desktop\HttpReactor\HttpReactor\HttpRequest.c(159,51): warning : passing argument 3 of ‘HttpResponseAddHeader’ discards ‘const’ qualifier from pointer target type [-Wdiscarded-qualifiers]
C:\Users\liuw-t\Desktop\HttpReactor\HttpReactor\HttpRequest.c(159,51): warning :    HttpResponseAddHeader(response, "Content-Type", getFileType("404.html"));
C:\Users\liuw-t\Desktop\HttpReactor\HttpReactor\HttpRequest.c(159,51): warning :                                                    ^
C:\Users\liuw-t\Desktop\HttpReactor\HttpReactor\HttpResponse.h(32,6): message : expected ‘char *’ but argument is of type ‘const char *’
C:\Users\liuw-t\Desktop\HttpReactor\HttpReactor\HttpResponse.h(32,6): message :  void HttpResponseAddHeader(struct HttpResponse* response, char* key, char* value);
C:\Users\liuw-t\Desktop\HttpReactor\HttpReactor\HttpResponse.h(32,6): message :       ^
C:\Users\liuw-t\Desktop\HttpReactor\HttpReactor\HttpRequest.c(160,31): warning : assignment from incompatible pointer type [-Wincompatible-pointer-types]
C:\Users\liuw-t\Desktop\HttpReactor\HttpReactor\HttpRequest.c(160,31): warning :          response->senDataFunc = sendFile;
C:\Users\liuw-t\Desktop\HttpReactor\HttpReactor\HttpRequest.c(160,31): warning :                                ^
C:\Users\liuw-t\Desktop\HttpReactor\HttpReactor\HttpRequest.c(161,3): warning : ‘return’ with no value, in function returning non-void
C:\Users\liuw-t\Desktop\HttpReactor\HttpReactor\HttpRequest.c(161,3): warning :    return;
C:\Users\liuw-t\Desktop\HttpReactor\HttpReactor\HttpRequest.c(161,3): warning :    ^
C:\Users\liuw-t\Desktop\HttpReactor\HttpReactor\HttpRequest.c(170,51): warning : passing argument 3 of ‘HttpResponseAddHeader’ discards ‘const’ qualifier from pointer target type [-Wdiscarded-qualifiers]
C:\Users\liuw-t\Desktop\HttpReactor\HttpReactor\HttpRequest.c(170,51): warning :    HttpResponseAddHeader(response, "Content-Type", getFileType(".html"));
C:\Users\liuw-t\Desktop\HttpReactor\HttpReactor\HttpRequest.c(170,51): warning :                                                    ^
C:\Users\liuw-t\Desktop\HttpReactor\HttpReactor\HttpResponse.h(32,6): message : expected ‘char *’ but argument is of type ‘const char *’
C:\Users\liuw-t\Desktop\HttpReactor\HttpReactor\HttpResponse.h(32,6): message :  void HttpResponseAddHeader(struct HttpResponse* response, char* key, char* value);
C:\Users\liuw-t\Desktop\HttpReactor\HttpReactor\HttpResponse.h(32,6): message :       ^
C:\Users\liuw-t\Desktop\HttpReactor\HttpReactor\HttpRequest.c(171,31): warning : assignment from incompatible pointer type [-Wincompatible-pointer-types]
C:\Users\liuw-t\Desktop\HttpReactor\HttpReactor\HttpRequest.c(171,31): warning :          response->senDataFunc = sendDir;
C:\Users\liuw-t\Desktop\HttpReactor\HttpReactor\HttpRequest.c(171,31): warning :                                ^
C:\Users\liuw-t\Desktop\HttpReactor\HttpReactor\HttpRequest.c(176,57): warning : passing argument 3 of ‘HttpResponseAddHeader’ discards ‘const’ qualifier from pointer target type [-Wdiscarded-qualifiers]
C:\Users\liuw-t\Desktop\HttpReactor\HttpReactor\HttpRequest.c(176,57): warning :          HttpResponseAddHeader(response, "Content-Type", getFileType(file));
C:\Users\liuw-t\Desktop\HttpReactor\HttpReactor\HttpRequest.c(176,57): warning :                                                          ^
C:\Users\liuw-t\Desktop\HttpReactor\HttpReactor\HttpResponse.h(32,6): message : expected ‘char *’ but argument is of type ‘const char *’
C:\Users\liuw-t\Desktop\HttpReactor\HttpReactor\HttpResponse.h(32,6): message :  void HttpResponseAddHeader(struct HttpResponse* response, char* key, char* value);
C:\Users\liuw-t\Desktop\HttpReactor\HttpReactor\HttpResponse.h(32,6): message :       ^
C:\Users\liuw-t\Desktop\HttpReactor\HttpReactor\HttpRequest.c(180,31): warning : assignment from incompatible pointer type [-Wincompatible-pointer-types]
C:\Users\liuw-t\Desktop\HttpReactor\HttpReactor\HttpRequest.c(180,31): warning :          response->senDataFunc = sendFile;
C:\Users\liuw-t\Desktop\HttpReactor\HttpReactor\HttpRequest.c(180,31): warning :                                ^
C:\Users\liuw-t\Desktop\HttpReactor\HttpReactor\HttpRequest.c(297,19): warning : implicit declaration of function ‘read’ [-Wimplicit-function-declaration]
C:\Users\liuw-t\Desktop\HttpReactor\HttpReactor\HttpRequest.c(297,19): warning :          int len = read(fd, buf, sizeof buf);
C:\Users\liuw-t\Desktop\HttpReactor\HttpReactor\HttpRequest.c(297,19): warning :                    ^
C:\Users\liuw-t\Desktop\HttpReactor\HttpReactor\HttpRequest.c(328,5): warning : implicit declaration of function ‘close’ [-Wimplicit-function-declaration]
C:\Users\liuw-t\Desktop\HttpReactor\HttpReactor\HttpRequest.c(328,5): warning :      close(fd);
C:\Users\liuw-t\Desktop\HttpReactor\HttpReactor\HttpRequest.c(328,5): warning :      ^
C:\Users\liuw-t\Desktop\HttpReactor\HttpReactor\HttpRequest.c(353,31): warning : implicit declaration of function ‘isxdigit’ [-Wimplicit-function-declaration]
C:\Users\liuw-t\Desktop\HttpReactor\HttpReactor\HttpRequest.c(353,31): warning :          if (from[0] == '%' && isxdigit(from[1]) && isxdigit(from[2]))
C:\Users\liuw-t\Desktop\HttpReactor\HttpReactor\HttpRequest.c(353,31): warning :                                ^
C:\Users\liuw-t\Desktop\HttpReactor\HttpReactor\HttpRequest.c(358,19): warning : conversion to ‘char’ from ‘int’ may alter its value [-Wconversion]
C:\Users\liuw-t\Desktop\HttpReactor\HttpReactor\HttpRequest.c(358,19): warning :              *to = hexToDec(from[1]) * 16 + hexToDec(from[2]);
C:\Users\liuw-t\Desktop\HttpReactor\HttpReactor\HttpRequest.c(358,19): warning :                    ^
  HttpResponse.c
C:\Users\liuw-t\Desktop\HttpReactor\HttpReactor\HttpResponse.c(30,20): warning : comparison between pointer and integer
C:\Users\liuw-t\Desktop\HttpReactor\HttpReactor\HttpResponse.c(30,20): warning :   for (int i = 0; i < response->httpResponseHeader; i++)
C:\Users\liuw-t\Desktop\HttpReactor\HttpReactor\HttpResponse.c(30,20): warning :                     ^
C:\Users\liuw-t\Desktop\HttpReactor\HttpReactor\HttpResponse.c(59,9): warning : ‘return’ with a value, in function returning void
C:\Users\liuw-t\Desktop\HttpReactor\HttpReactor\HttpResponse.c(59,9): warning :   return NULL;
C:\Users\liuw-t\Desktop\HttpReactor\HttpReactor\HttpResponse.c(59,9): warning :          ^
  main.c
  TcpConnection.c
  TcpServer.c
C:\Users\liuw-t\Desktop\HttpReactor\HttpReactor\TcpServer.c(40,29): warning : conversion to ‘uint16_t {aka short unsigned int}’ from ‘unsigned int’ may alter its value [-Wconversion]
C:\Users\liuw-t\Desktop\HttpReactor\HttpReactor\TcpServer.c(40,29): warning :   serv_addr.sin_port = htons(port);
C:\Users\liuw-t\Desktop\HttpReactor\HttpReactor\TcpServer.c(40,29): warning :                              ^
  ThreadPool.c
C:\Users\liuw-t\Desktop\HttpReactor\HttpReactor\ThreadPool.c(12,52): warning : conversion to ‘size_t {aka unsigned int}’ from ‘int’ may change the sign of the result [-Wsign-conversion]
C:\Users\liuw-t\Desktop\HttpReactor\HttpReactor\ThreadPool.c(12,52): warning :   pool->workerThread = (struct WorkerThread*)calloc(threadNum, sizeof(struct WorkerThread));
C:\Users\liuw-t\Desktop\HttpReactor\HttpReactor\ThreadPool.c(12,52): warning :                                                     ^
C:\Users\liuw-t\Desktop\HttpReactor\HttpReactor\ThreadPool.c(40,15): warning : operation on ‘pool->index’ may be undefined [-Wsequence-point]
C:\Users\liuw-t\Desktop\HttpReactor\HttpReactor\ThreadPool.c(40,15): warning :    pool->index = ++(pool->index) % pool->threadNum;
C:\Users\liuw-t\Desktop\HttpReactor\HttpReactor\ThreadPool.c(40,15): warning :                ^
  WorkerThread.c
  正在链接对象
  HttpReactor.vcxproj -> C:\Users\liuw-t\Desktop\HttpReactor\HttpReactor\bin\x86\Debug\HttpReactor.out
